<?xml version="1.0" encoding="UTF-8"?>
<testsuite xmlns:xsi="http://www.w3.org/2001/XMLSchema-instance" xsi:noNamespaceSchemaLocation="https://maven.apache.org/surefire/maven-surefire-plugin/xsd/surefire-test-report-3.0.xsd" version="3.0" name="com.jrobertgardzinski.email.domain.EmailTest" time="0.029" tests="19" errors="0" skipped="0" failures="0">
  <properties>
[...]
</properties>
  <testcase name="emptyLocalThrows" classname="com.jrobertgardzinski.email.domain.EmailTest" time="0.001"/>
  <testcase name="blankThrows(String)[1]" classname="com.jrobertgardzinski.email.domain.EmailTest" time="0.002"/>
  <testcase name="blankThrows(String)[2]" classname="com.jrobertgardzinski.email.domain.EmailTest" time="0.0"/>
  <testcase name="blankThrows(String)[3]" classname="com.jrobertgardzinski.email.domain.EmailTest" time="0.001"/>
  <testcase name="domainNormalizesToLowercase" classname="com.jrobertgardzinski.email.domain.EmailTest" time="0.001"/>
  <testcase name="domainWithoutDotThrows" classname="com.jrobertgardzinski.email.domain.EmailTest" time="0.001"/>
  <testcase name="localPreservesCase" classname="com.jrobertgardzinski.email.domain.EmailTest" time="0.001"/>
  <testcase name="valueIsDerived" classname="com.jrobertgardzinski.email.domain.EmailTest" time="0.002"/>
  <testcase name="emptyDomainThrows" classname="com.jrobertgardzinski.email.domain.EmailTest" time="0.001"/>
  <testcase name="missingAtThrows" classname="com.jrobertgardzinski.email.domain.EmailTest" time="0.001"/>
  <testcase name="notEqualsDifferentLocal" classname="com.jrobertgardzinski.email.domain.EmailTest" time="0.001"/>
  <testcase name="equalsSameAddress" classname="com.jrobertgardzinski.email.domain.EmailTest" time="0.001"/>
  <testcase name="equalsCaseInsensitiveDomain" classname="com.jrobertgardzinski.email.domain.EmailTest" time="0.001"/>
  <testcase name="multipleAtThrows" classname="com.jrobertgardzinski.email.domain.EmailTest" time="0.001"/>
  <testcase name="validSucceeds(String)[1]" classname="com.jrobertgardzinski.email.domain.EmailTest" time="0.001"/>
  <testcase name="validSucceeds(String)[2]" classname="com.jrobertgardzinski.email.domain.EmailTest" time="0.001"/>
  <testcase name="validSucceeds(String)[3]" classname="com.jrobertgardzinski.email.domain.EmailTest" time="0.0"/>
  <testcase name="validSucceeds(String)[4]" classname="com.jrobertgardzinski.email.domain.EmailTest" time="0.0"/>
  <testcase name="nullThrows" classname="com.jrobertgardzinski.email.domain.EmailTest" time="0.001"/>
</testsuite>