<?xml version="1.0" encoding="UTF-8"?>
<testsuite xmlns:xsi="http://www.w3.org/2001/XMLSchema-instance" xsi:noNamespaceSchemaLocation="https://maven.apache.org/surefire/maven-surefire-plugin/xsd/surefire-test-report-3.0.xsd" version="3.0" name="com.jrobertgardzinski.email.domain.DomainPartTest" time="0.011" tests="9" errors="0" skipped="0" failures="0">
  <properties>
[...]
</properties>
  <testcase name="equalsCaseInsensitive" classname="com.jrobertgardzinski.email.domain.DomainPartTest" time="0.0"/>
  <testcase name="missingDotThrows" classname="com.jrobertgardzinski.email.domain.DomainPartTest" time="0.0"/>
  <testcase name="normalizesToLowercase" classname="com.jrobertgardzinski.email.domain.DomainPartTest" time="0.001"/>
  <testcase name="emptyThrows" classname="com.jrobertgardzinski.email.domain.DomainPartTest" time="0.001"/>
  <testcase name="validSucceeds(String)[1]" classname="com.jrobertgardzinski.email.domain.DomainPartTest" time="0.001"/>
  <testcase name="validSucceeds(String)[2]" classname="com.jrobertgardzinski.email.domain.DomainPartTest" time="0.0"/>
  <testcase name="validSucceeds(String)[3]" classname="com.jrobertgardzinski.email.domain.DomainPartTest" time="0.0"/>
  <testcase name="validSucceeds(String)[4]" classname="com.jrobertgardzinski.email.domain.DomainPartTest" time="0.0"/>
  <testcase name="nullThrows" classname="com.jrobertgardzinski.email.domain.DomainPartTest" time="0.001"/>
</testsuite>