<?xml version="1.0" encoding="UTF-8"?>
<testsuite xmlns:xsi="http://www.w3.org/2001/XMLSchema-instance" xsi:noNamespaceSchemaLocation="https://maven.apache.org/surefire/maven-surefire-plugin/xsd/surefire-test-report-3.0.xsd" version="3.0" name="com.jrobertgardzinski.email.config.RunCucumberTest" time="0.161" tests="6" errors="0" skipped="0" failures="0">
  <properties>
[...]
</properties>
  <testcase name="Example #1.1" classname="Examples" time="0.097">
    <system-out><![CDATA[
&amp#27;[1mScenario Outline:&amp#27;[22m Domain list resolved from repository                &amp#27;[90m# classpath:com/jrobertgardzinski/email/config/can-register-config.feature:14&amp#27;[39m
  &amp#27;[32m✔&amp#27;[39m &amp#27;[32m&amp#27;[1mGiven &amp#27;[22mthe repository contains &amp#27;[1mblocked&amp#27;[22m domains &amp#27;[1m"spam.com,junk.org"&amp#27;[22m&amp#27;[39m &amp#27;[90m# com.jrobertgardzinski.email.config.CanRegisterConfigSteps.theRepositoryContainsDomains(java.lang.String,java.lang.String)&amp#27;[39m
  &amp#27;[32m✔&amp#27;[39m &amp#27;[32m&amp#27;[1mWhen &amp#27;[22mregistration configuration is resolved&amp#27;[39m                       &amp#27;[90m# com.jrobertgardzinski.email.config.CanRegisterConfigSteps.registrationConfigurationIsResolved()&amp#27;[39m
  &amp#27;[32m✔&amp#27;[39m &amp#27;[32m&amp#27;[1mThen &amp#27;[22m&amp#27;[1mblocked&amp#27;[22m domains are &amp#27;[1m"spam.com,junk.org"&amp#27;[22m&amp#27;[39m                      &amp#27;[90m# com.jrobertgardzinski.email.config.CanRegisterConfigSteps.domainsAre(java.lang.String,java.lang.String)&amp#27;[39m
]]></system-out>
  </testcase>
  <testcase name="Example #1.2" classname="Examples" time="0.002">
    <system-out><![CDATA[
&amp#27;[1mScenario Outline:&amp#27;[22m Domain list resolved from repository                                  &amp#27;[90m# classpath:com/jrobertgardzinski/email/config/can-register-config.feature:15&amp#27;[39m
  &amp#27;[32m✔&amp#27;[39m &amp#27;[32m&amp#27;[1mGiven &amp#27;[22mthe repository contains &amp#27;[1mdisposable&amp#27;[22m domains &amp#27;[1m"mailinator.com,guerrillamail.com"&amp#27;[22m&amp#27;[39m &amp#27;[90m# com.jrobertgardzinski.email.config.CanRegisterConfigSteps.theRepositoryContainsDomains(java.lang.String,java.lang.String)&amp#27;[39m
  &amp#27;[32m✔&amp#27;[39m &amp#27;[32m&amp#27;[1mWhen &amp#27;[22mregistration configuration is resolved&amp#27;[39m                                         &amp#27;[90m# com.jrobertgardzinski.email.config.CanRegisterConfigSteps.registrationConfigurationIsResolved()&amp#27;[39m
  &amp#27;[32m✔&amp#27;[39m &amp#27;[32m&amp#27;[1mThen &amp#27;[22m&amp#27;[1mdisposable&amp#27;[22m domains are &amp#27;[1m"mailinator.com,guerrillamail.com"&amp#27;[22m&amp#27;[39m                      &amp#27;[90m# com.jrobertgardzinski.email.config.CanRegisterConfigSteps.domainsAre(java.lang.String,java.lang.String)&amp#27;[39m
]]></system-out>
  </testcase>
  <testcase name="Example #1.3" classname="Examples" time="0.001">
    <system-out><![CDATA[
&amp#27;[1mScenario Outline:&amp#27;[22m Domain list resolved from repository                &amp#27;[90m# classpath:com/jrobertgardzinski/email/config/can-register-config.feature:16&amp#27;[39m
  &amp#27;[32m✔&amp#27;[39m &amp#27;[32m&amp#27;[1mGiven &amp#27;[22mthe repository contains &amp#27;[1mcompany&amp#27;[22m domains &amp#27;[1m"acme.com,corp.org"&amp#27;[22m&amp#27;[39m &amp#27;[90m# com.jrobertgardzinski.email.config.CanRegisterConfigSteps.theRepositoryContainsDomains(java.lang.String,java.lang.String)&amp#27;[39m
  &amp#27;[32m✔&amp#27;[39m &amp#27;[32m&amp#27;[1mWhen &amp#27;[22mregistration configuration is resolved&amp#27;[39m                       &amp#27;[90m# com.jrobertgardzinski.email.config.CanRegisterConfigSteps.registrationConfigurationIsResolved()&amp#27;[39m
  &amp#27;[32m✔&amp#27;[39m &amp#27;[32m&amp#27;[1mThen &amp#27;[22m&amp#27;[1mcompany&amp#27;[22m domains are &amp#27;[1m"acme.com,corp.org"&amp#27;[22m&amp#27;[39m                      &amp#27;[90m# com.jrobertgardzinski.email.config.CanRegisterConfigSteps.domainsAre(java.lang.String,java.lang.String)&amp#27;[39m
]]></system-out>
  </testcase>
  <testcase name="Example #1.4" classname="Examples" time="0.002">
    <system-out><![CDATA[
&amp#27;[1mScenario Outline:&amp#27;[22m Domain list resolved from repository &amp#27;[90m# classpath:com/jrobertgardzinski/email/config/can-register-config.feature:17&amp#27;[39m
  &amp#27;[32m✔&amp#27;[39m &amp#27;[32m&amp#27;[1mGiven &amp#27;[22mthe repository contains &amp#27;[1mblocked&amp#27;[22m domains &amp#27;[1m""&amp#27;[22m&amp#27;[39m   &amp#27;[90m# com.jrobertgardzinski.email.config.CanRegisterConfigSteps.theRepositoryContainsDomains(java.lang.String,java.lang.String)&amp#27;[39m
  &amp#27;[32m✔&amp#27;[39m &amp#27;[32m&amp#27;[1mWhen &amp#27;[22mregistration configuration is resolved&amp#27;[39m        &amp#27;[90m# com.jrobertgardzinski.email.config.CanRegisterConfigSteps.registrationConfigurationIsResolved()&amp#27;[39m
  &amp#27;[32m✔&amp#27;[39m &amp#27;[32m&amp#27;[1mThen &amp#27;[22m&amp#27;[1mblocked&amp#27;[22m domains are &amp#27;[1m""&amp#27;[22m&amp#27;[39m                        &amp#27;[90m# com.jrobertgardzinski.email.config.CanRegisterConfigSteps.domainsAre(java.lang.String,java.lang.String)&amp#27;[39m
]]></system-out>
  </testcase>
  <testcase name="Example #1.5" classname="Examples" time="0.001">
    <system-out><![CDATA[
&amp#27;[1mScenario Outline:&amp#27;[22m Domain list resolved from repository  &amp#27;[90m# classpath:com/jrobertgardzinski/email/config/can-register-config.feature:18&amp#27;[39m
  &amp#27;[32m✔&amp#27;[39m &amp#27;[32m&amp#27;[1mGiven &amp#27;[22mthe repository contains &amp#27;[1mdisposable&amp#27;[22m domains &amp#27;[1m""&amp#27;[22m&amp#27;[39m &amp#27;[90m# com.jrobertgardzinski.email.config.CanRegisterConfigSteps.theRepositoryContainsDomains(java.lang.String,java.lang.String)&amp#27;[39m
  &amp#27;[32m✔&amp#27;[39m &amp#27;[32m&amp#27;[1mWhen &amp#27;[22mregistration configuration is resolved&amp#27;[39m         &amp#27;[90m# com.jrobertgardzinski.email.config.CanRegisterConfigSteps.registrationConfigurationIsResolved()&amp#27;[39m
  &amp#27;[32m✔&amp#27;[39m &amp#27;[32m&amp#27;[1mThen &amp#27;[22m&amp#27;[1mdisposable&amp#27;[22m domains are &amp#27;[1m""&amp#27;[22m&amp#27;[39m                      &amp#27;[90m# com.jrobertgardzinski.email.config.CanRegisterConfigSteps.domainsAre(java.lang.String,java.lang.String)&amp#27;[39m
]]></system-out>
  </testcase>
  <testcase name="Example #1.6" classname="Examples" time="0.002">
    <system-out><![CDATA[
&amp#27;[1mScenario Outline:&amp#27;[22m Domain list resolved from repository &amp#27;[90m# classpath:com/jrobertgardzinski/email/config/can-register-config.feature:19&amp#27;[39m
  &amp#27;[32m✔&amp#27;[39m &amp#27;[32m&amp#27;[1mGiven &amp#27;[22mthe repository contains &amp#27;[1mcompany&amp#27;[22m domains &amp#27;[1m""&amp#27;[22m&amp#27;[39m   &amp#27;[90m# com.jrobertgardzinski.email.config.CanRegisterConfigSteps.theRepositoryContainsDomains(java.lang.String,java.lang.String)&amp#27;[39m
  &amp#27;[32m✔&amp#27;[39m &amp#27;[32m&amp#27;[1mWhen &amp#27;[22mregistration configuration is resolved&amp#27;[39m        &amp#27;[90m# com.jrobertgardzinski.email.config.CanRegisterConfigSteps.registrationConfigurationIsResolved()&amp#27;[39m
  &amp#27;[32m✔&amp#27;[39m &amp#27;[32m&amp#27;[1mThen &amp#27;[22m&amp#27;[1mcompany&amp#27;[22m domains are &amp#27;[1m""&amp#27;[22m&amp#27;[39m                        &amp#27;[90m# com.jrobertgardzinski.email.config.CanRegisterConfigSteps.domainsAre(java.lang.String,java.lang.String)&amp#27;[39m
]]></system-out>
  </testcase>
</testsuite>